<?xml version="1.0" encoding="UTF-8"?>
<!-- Generated by org.testng.reporters.JUnitReportReporter -->
<testsuite name="com.sps.preprod.SpsSetuptest" tests="1" time="39.934" ignored="0" failures="0" timestamp="12 Jan 2017 06:18:15 GMT" skipped="0" hostname="PUN-265HH92" errors="0">
  <testcase name="beforeClass" time="39.934" classname="com.sps.preprod.SpsSetuptest"/>
</testsuite> <!-- com.sps.preprod.SpsSetuptest -->
