<?xml version="1.0" encoding="UTF-8"?>
<!-- Generated by org.testng.reporters.JUnitReportReporter -->
<testsuite name="com.sps.preprod.SpsSetuptest" tests="1" time="31.561" ignored="0" failures="0" timestamp="19 Jan 2017 10:17:01 GMT" skipped="0" hostname="PUN-265HH92" errors="0">
  <testcase name="beforeClass" time="31.561" classname="com.sps.preprod.SpsSetuptest"/>
</testsuite> <!-- com.sps.preprod.SpsSetuptest -->
